synth: 0.000+=1.000 (rehash at 30.000):
	pool: 0/256:
	pool: 3/512:
		gen:0x8048470(0.050[30.000,90.000])*1.000
		gen:0x8048470(0.200[60.000,120.000])*0.100
		gen:0x8048470(1.667[150.000,156.000])*0.500
synth: 30.000+=1.000 (rehash at 60.000):
	pool: 1/256:
		gen:0x8048470(0.050[30.000,90.000])*1.000
	pool: 2/512:
		gen:0x8048470(1.667[150.000,156.000])*0.500
		gen:0x8048470(0.200[60.000,120.000])*0.100
synth: 60.000+=1.000 (rehash at 90.000):
	pool: 2/256:
		gen:0x8048470(0.050[30.000,90.000])*1.000
		gen:0x8048470(0.200[60.000,120.000])*0.100
	pool: 1/512:
		gen:0x8048470(1.667[150.000,156.000])*0.500
synth: 90.000+=1.000 (rehash at 120.000):
	pool: 1/256:
		gen:0x8048470(0.200[60.000,120.000])*0.100
	pool: 1/512:
		gen:0x8048470(1.667[150.000,156.000])*0.500
synth: 120.000+=1.000 (rehash at 150.000):
	pool: 0/256:
	pool: 1/512:
		gen:0x8048470(1.667[150.000,156.000])*0.500
synth: 150.000+=1.000 (rehash at 156.000):
	pool: 1/256:
		gen:0x8048470(1.667[150.000,156.000])*0.500
	pool: 0/512:
synth: 156.000+=1.000 (rehash at 1000000000000000000.000):
	pool: 0/256:
	pool: 0/512:
0.000 0.000 0.000 0.000 0.000 0.000 0.000 0.000 0.000 0.000 0.000 0.000 
0.000 0.000 0.000 0.000 0.000 0.000 0.000 0.000 0.000 0.000 0.000 0.000 
0.000 0.000 0.000 0.000 0.000 0.000 0.000 0.050 0.100 0.149 0.199 0.247 
0.296 0.343 0.389 0.435 0.479 0.523 0.565 0.605 0.644 0.682 0.717 0.751 
0.783 0.813 0.841 0.867 0.891 0.913 0.932 0.949 0.964 0.976 0.985 0.993 
0.997 1.020 1.039 1.053 1.063 1.068 1.067 1.060 1.046 1.026 1.000 0.968 
0.931 0.888 0.842 0.792 0.740 0.686 0.631 0.577 0.523 0.471 0.420 0.373 
0.328 0.286 0.247 0.210 0.176 0.144 -0.028 -0.008 0.012 0.031 0.049 0.066 
0.079 0.090 0.097 0.100 0.099 0.094 0.085 0.073 0.058 0.041 0.022 0.002 
-0.017 -0.037 -0.054 -0.070 -0.083 -0.092 -0.098 -0.100 -0.098 -0.092 -0.082 -0.069 
0.000 0.000 0.000 0.000 0.000 0.000 0.000 0.000 0.000 0.000 0.000 0.000 
0.000 0.000 0.000 0.000 0.000 0.000 0.000 0.000 0.000 0.000 0.000 0.000 
0.000 0.000 0.000 0.000 0.000 0.000 0.000 0.498 -0.095 -0.479 0.187 0.444 
0.000 0.000 0.000 0.000 0.000 0.000 0.000 0.000 0.000 0.000 0.000 0.000 
0.000 0.000 0.000 0.000 0.000 0.000 0.000 0.000 0.000 0.000 0.000 0.000 
